<?xml version="1.0" encoding="UTF-8"?>
<!-- Generated by org.testng.reporters.JUnitXMLReporter -->
<testsuite ignored="0" hostname="DESKTOP-PL9R1CG" failures="0" tests="3" name="Default test" time="30.955" errors="0" timestamp="2020-05-30T21:52:23 EDT">
  <testcase classname="com.hrms.testcases.LoginTest" name="emptyUsernameLogin" time="0.232"/>
  <testcase classname="com.hrms.testcases.LoginTest" name="invalidPasswordLogin" time="1.035"/>
  <testcase classname="com.hrms.testcases.LoginTest" name="validAdminLogin" time="2.024"/>
</testsuite> <!-- Default test -->
