<?xml version="1.0" encoding="UTF-8"?>
<!-- Generated by org.testng.reporters.JUnitXMLReporter -->
<testsuite ignored="3" hostname="DESKTOP-PL9R1CG" failures="0" tests="2" name="Test" time="20.833" errors="0" timestamp="2020-05-30T22:19:20 EDT">
  <testcase classname="com.hrms.testcases.LoginTest" name="emptyUsernameLogin" time="0.253"/>
  <testcase classname="com.hrms.testcases.LoginTest" name="invalidPasswordLogin" time="0.952"/>
  <testcase classname="com.hrms.testcases.AddMultipleEmp" name="addMultipleEmp" time="0.0">
    <ignored/>
  </testcase> <!-- addMultipleEmp -->
  <testcase classname="com.hrms.testcases.LoginTest" name="validAdminLogin" time="0.0">
    <ignored/>
  </testcase> <!-- validAdminLogin -->
  <testcase classname="com.hrms.testcases.AddEmployeeTest" name="addEmployeePage" time="0.0">
    <ignored/>
  </testcase> <!-- addEmployeePage -->
</testsuite> <!-- Test -->
