<?xml version="1.0" encoding="UTF-8"?>
<!-- Generated by org.testng.reporters.JUnitXMLReporter -->
<testsuite ignored="1" hostname="DESKTOP-PL9R1CG" failures="0" tests="9" name="Smoke Test" time="110.879" errors="0" timestamp="2020-05-30T22:27:28 EDT">
  <testcase classname="com.hrms.testcases.AddMultipleEmp" name="addMultipleEmp" time="14.207"/>
  <testcase classname="com.hrms.testcases.AddMultipleEmp" name="addMultipleEmp" time="9.622"/>
  <testcase classname="com.hrms.testcases.AddMultipleEmp" name="addMultipleEmp" time="10.568"/>
  <testcase classname="com.hrms.testcases.AddMultipleEmp" name="addMultipleEmp" time="8.878"/>
  <testcase classname="com.hrms.testcases.AddMultipleEmp" name="addMultipleEmp" time="8.214"/>
  <testcase classname="com.hrms.testcases.AddMultipleEmp" name="addMultipleEmp" time="9.702"/>
  <testcase classname="com.hrms.testcases.LoginTest" name="emptyUsernameLogin" time="0.248"/>
  <testcase classname="com.hrms.testcases.LoginTest" name="invalidPasswordLogin" time="1.008"/>
  <testcase classname="com.hrms.testcases.LoginTest" name="validAdminLogin" time="2.466"/>
  <testcase classname="com.hrms.testcases.AddEmployeeTest" name="addEmployeePage" time="0.0">
    <ignored/>
  </testcase> <!-- addEmployeePage -->
</testsuite> <!-- Smoke Test -->
